<?xml version="1.0" encoding="UTF-8"?>
<!-- Generated by org.testng.reporters.JUnitXMLReporter -->
<testsuite ignored="0" hostname="DESKTOP-EM7U3K2" failures="0" tests="8" name="Test" time="159.577" errors="0" timestamp="2021-11-23T18:35:30 IST">
  <testcase classname="com.Dockket.Testcases.SplashTest" name="splashFunctionality" time="21.411"/>
  <testcase classname="com.Dockket.Testcases.LoginTest" name="LoginFunctionality" time="6.113"/>
  <testcase classname="com.Dockket.Testcases.HomeTest" name="homeScreenTests" time="8.733"/>
  <testcase classname="com.Dockket.Testcases.SiteTest" name="addSiteScreenTests" time="26.01"/>
  <testcase classname="com.Dockket.Testcases.StaffTest" name="addStaffScreenTest" time="19.406"/>
  <testcase classname="com.Dockket.Testcases.SupplierTest" name="addSupplierScreenTests" time="35.71"/>
  <testcase classname="com.Dockket.Testcases.DeliveryNoteTest" name="newDocumemntTest" time="31.857"/>
  <testcase classname="com.Dockket.Testcases.TaxTest" name="AddTaxTest" time="10.273"/>
</testsuite> <!-- Test -->
